

Started GET "/version/164" for 127.0.0.1 at 2013-12-13 03:23:52 -0500
Processing by VersionController#index as HTML
  Parameters: {"id"=>"164"}
  Rendered version/index.html.haml within layouts/application (28.7ms)
Completed 200 OK in 3083ms (Views: 1231.7ms)


Started GET "/version/164" for 127.0.0.1 at 2013-12-13 03:31:16 -0500
Processing by VersionController#index as HTML
  Parameters: {"id"=>"164"}
  Rendered version/index.html.haml within layouts/application (14.2ms)
Completed 200 OK in 2504ms (Views: 135.3ms)


Started GET "/version/164" for 127.0.0.1 at 2013-12-13 03:31:58 -0500
Processing by VersionController#index as HTML
  Parameters: {"id"=>"164"}
  Rendered version/index.html.haml within layouts/application (11.8ms)
Completed 200 OK in 2370ms (Views: 18.8ms)


Started GET "/version/164" for 127.0.0.1 at 2013-12-13 03:32:36 -0500
Processing by VersionController#index as HTML
  Parameters: {"id"=>"164"}
  Rendered version/index.html.haml within layouts/application (11.7ms)
Completed 200 OK in 2430ms (Views: 18.4ms)


Started GET "/search/stupid" for 127.0.0.1 at 2013-12-13 03:33:10 -0500
Processing by SearchController#stupid as HTML
  Rendered search/stupid.haml within layouts/application (8.5ms)
Completed 200 OK in 513ms (Views: 16.4ms)


Started GET "/search/stupid" for 127.0.0.1 at 2013-12-13 03:33:15 -0500
Processing by SearchController#stupid as HTML
  Rendered search/stupid.haml within layouts/application (7.3ms)
Completed 200 OK in 1306ms (Views: 13.5ms)
